#
# There is insufficient memory for the Java Runtime Environment to continue.
# Native memory allocation (mmap) failed to map 264241152 bytes for G1 virtual space
# Possible reasons:
#   The system is out of physical RAM or swap space
#   The process is running with CompressedOops enabled, and the Java Heap may be blocking the growth of the native heap
# Possible solutions:
#   Reduce memory load on the system
#   Increase physical memory or swap space
#   Check if swap backing store is full
#   Decrease Java heap size (-Xmx/-Xms)
#   Decrease number of Java threads
#   Decrease Java thread stack sizes (-Xss)
#   Set larger code cache with -XX:ReservedCodeCacheSize=
#   JVM is running with Zero Based Compressed Oops mode in which the Java heap is
#     placed in the first 32GB address space. The Java Heap base address is the
#     maximum limit for the native heap growth. Please use -XX:HeapBaseMinAddress
#     to set the Java Heap base and to place the Java Heap above 32GB virtual address.
# This output file may be truncated or incomplete.
#
#  Out of Memory Error (os_windows.cpp:3550), pid=4000, tid=25748
#
# JRE version:  (17.0.7+8) (build )
# Java VM: Java HotSpot(TM) 64-Bit Server VM (17.0.7+8-LTS-224, mixed mode, sharing, tiered, compressed oops, compressed class ptrs, g1 gc, windows-amd64)
# No core dump will be written. Minidumps are not enabled by default on client versions of Windows
#

---------------  S U M M A R Y ------------

Command Line: com.google.prefab.cli.AppKt --build-system cmake --platform android --abi arm64-v8a --os-version 24 --stl c++_shared --ndk-version 27 --output C:\\Users\\ANSARI~1\\AppData\\Local\\Temp\\agp-prefab-staging3296259551024404451\\staged-cli-output C:\\Users\\Ansari Noor\\.gradle\\caches\\8.10.2\\transforms\\82cbd8151fb5ab0bd61d6f0866673cd6\\transformed\\react-android-0.77.1-debug\\prefab C:\\Users\\Ansari Noor\\.gradle\\caches\\8.10.2\\transforms\\d3a4199ec0a9eb971c65b3c713fb1e13\\transformed\\hermes-android-0.77.1-debug\\prefab C:\\Users\\Ansari Noor\\.gradle\\caches\\8.10.2\\transforms\\70859756a23d9369ba2f1d3d9df6e3e4\\transformed\\fbjni-0.7.0\\prefab

Host: 12th Gen Intel(R) Core(TM) i5-1240P, 16 cores, 15G,  Windows 11 , 64 bit Build 26100 (10.0.26100.3912)
Time: Sun May 11 13:05:57 2025 India Standard Time elapsed time: 0.051826 seconds (0d 0h 0m 0s)

---------------  T H R E A D  ---------------

Current thread (0x0000023ac54ea2d0):  JavaThread "Unknown thread" [_thread_in_vm, id=25748, stack(0x00000080c9800000,0x00000080c9900000)]

Stack: [0x00000080c9800000,0x00000080c9900000]
Native frames: (J=compiled Java code, j=interpreted, Vv=VM code, C=native code)
V  [jvm.dll+0x676a4a]
V  [jvm.dll+0x7d74f4]
V  [jvm.dll+0x7d8c9e]
V  [jvm.dll+0x7d9303]
V  [jvm.dll+0x2452c5]
V  [jvm.dll+0x6738f9]
V  [jvm.dll+0x668232]
V  [jvm.dll+0x302826]
V  [jvm.dll+0x309da6]
V  [jvm.dll+0x35952e]
V  [jvm.dll+0x35975f]
V  [jvm.dll+0x2d9a38]
V  [jvm.dll+0x2da9a4]
V  [jvm.dll+0x7a8fb1]
V  [jvm.dll+0x3670e1]
V  [jvm.dll+0x788359]
V  [jvm.dll+0x3ea5ef]
V  [jvm.dll+0x3ec071]
C  [jli.dll+0x5297]
C  [ucrtbase.dll+0x37b0]
C  [KERNEL32.DLL+0x2e8d7]
C  [ntdll.dll+0x9c5dc]


---------------  P R O C E S S  ---------------

Threads class SMR info:
_java_thread_list=0x00007ffad1954998, length=0, elements={
}

Java Threads: ( => current thread )

Other Threads:
  0x0000023ac55565b0 GCTaskThread "GC Thread#0" [stack: 0x00000080c9900000,0x00000080c9a00000] [id=23764]
  0x0000023ac5569c70 ConcurrentGCThread "G1 Main Marker" [stack: 0x00000080c9a00000,0x00000080c9b00000] [id=14508]
  0x0000023ac556bd40 ConcurrentGCThread "G1 Conc#0" [stack: 0x00000080c9b00000,0x00000080c9c00000] [id=22448]

[error occurred during error reporting (printing all threads), id 0xc0000005, EXCEPTION_ACCESS_VIOLATION (0xc0000005) at pc=0x00007ffad118a697]

VM state: not at safepoint (not fully initialized)

VM Mutex/Monitor currently owned by a thread:  ([mutex/lock_event])
[0x0000023ac54e5730] Heap_lock - owner thread: 0x0000023ac54ea2d0

Heap address: 0x0000000704800000, size: 4024 MB, Compressed Oops mode: Zero based, Oop shift amount: 3

CDS archive(s) mapped at: [0x0000000000000000-0x0000000000000000-0x0000000000000000), size 0, SharedBaseAddress: 0x0000000800000000, ArchiveRelocationMode: 0.
Narrow klass base: 0x0000000000000000, Narrow klass shift: 0, Narrow klass range: 0x0

GC Precious Log:
<Empty>

Heap:
 garbage-first heap   total 0K, used 0K [0x0000000704800000, 0x0000000800000000)
  region size 2048K, 0 young (0K), 0 survivors (0K)

[error occurred during error reporting (printing heap information), id 0xc0000005, EXCEPTION_ACCESS_VIOLATION (0xc0000005) at pc=0x00007ffad15700b9]

GC Heap History (0 events):
No events

Deoptimization events (0 events):
No events

Classes unloaded (0 events):
No events

Classes redefined (0 events):
No events

Internal exceptions (0 events):
No events

VM Operations (0 events):
No events

Events (1 events):
Event: 0.031 Loaded shared library C:\Program Files\Java\jdk-17\bin\java.dll


Dynamic libraries:
0x00007ff66fdf0000 - 0x00007ff66fe00000 	C:\Program Files\Java\jdk-17\bin\java.exe
0x00007ffb571c0000 - 0x00007ffb57426000 	C:\WINDOWS\SYSTEM32\ntdll.dll
0x00007ffb56280000 - 0x00007ffb56349000 	C:\WINDOWS\System32\KERNEL32.DLL
0x00007ffb547b0000 - 0x00007ffb54b7c000 	C:\WINDOWS\System32\KERNELBASE.dll
0x00007ffb54e30000 - 0x00007ffb54f7b000 	C:\WINDOWS\System32\ucrtbase.dll
0x00007ffae4b40000 - 0x00007ffae4b59000 	C:\Program Files\Java\jdk-17\bin\jli.dll
0x00007ffb568b0000 - 0x00007ffb56962000 	C:\WINDOWS\System32\ADVAPI32.dll
0x00007ffb56470000 - 0x00007ffb56519000 	C:\WINDOWS\System32\msvcrt.dll
0x00007ffb560c0000 - 0x00007ffb56166000 	C:\WINDOWS\System32\sechost.dll
0x00007ffb55150000 - 0x00007ffb55266000 	C:\WINDOWS\System32\RPCRT4.dll
0x00007ffae5720000 - 0x00007ffae573b000 	C:\Program Files\Java\jdk-17\bin\VCRUNTIME140.dll
0x00007ffb54f80000 - 0x00007ffb5514a000 	C:\WINDOWS\System32\USER32.dll
0x00007ffb54350000 - 0x00007ffb54377000 	C:\WINDOWS\System32\win32u.dll
0x00007ffb39780000 - 0x00007ffb39a1a000 	C:\WINDOWS\WinSxS\amd64_microsoft.windows.common-controls_6595b64144ccf1df_6.0.26100.3912_none_3e07963ce335137e\COMCTL32.dll
0x00007ffb55ed0000 - 0x00007ffb55efb000 	C:\WINDOWS\System32\GDI32.dll
0x00007ffb54380000 - 0x00007ffb544b2000 	C:\WINDOWS\System32\gdi32full.dll
0x00007ffb544c0000 - 0x00007ffb54563000 	C:\WINDOWS\System32\msvcp_win.dll
0x00007ffb43e20000 - 0x00007ffb43e2b000 	C:\WINDOWS\SYSTEM32\VERSION.dll
0x00007ffb55f00000 - 0x00007ffb55f30000 	C:\WINDOWS\System32\IMM32.DLL
0x00007ffb204d0000 - 0x00007ffb204dc000 	C:\Program Files\Java\jdk-17\bin\vcruntime140_1.dll
0x00007ffae0300000 - 0x00007ffae038e000 	C:\Program Files\Java\jdk-17\bin\msvcp140.dll
0x00007ffad0ea0000 - 0x00007ffad1a7d000 	C:\Program Files\Java\jdk-17\bin\server\jvm.dll
0x00007ffb56520000 - 0x00007ffb56528000 	C:\WINDOWS\System32\PSAPI.DLL
0x00007ffb1bac0000 - 0x00007ffb1baca000 	C:\WINDOWS\SYSTEM32\WSOCK32.dll
0x00007ffb55290000 - 0x00007ffb55304000 	C:\WINDOWS\System32\WS2_32.dll
0x00007ffb4ae50000 - 0x00007ffb4ae86000 	C:\WINDOWS\SYSTEM32\WINMM.dll
0x00007ffb53230000 - 0x00007ffb5324a000 	C:\WINDOWS\SYSTEM32\kernel.appcore.dll
0x00007ffb1f590000 - 0x00007ffb1f59a000 	C:\Program Files\Java\jdk-17\bin\jimage.dll
0x00007ffb516a0000 - 0x00007ffb518e1000 	C:\WINDOWS\SYSTEM32\DBGHELP.DLL
0x00007ffb55380000 - 0x00007ffb55704000 	C:\WINDOWS\System32\combase.dll
0x00007ffb56350000 - 0x00007ffb56430000 	C:\WINDOWS\System32\OLEAUT32.dll
0x00007ffb24750000 - 0x00007ffb24789000 	C:\WINDOWS\SYSTEM32\dbgcore.DLL
0x00007ffb54d90000 - 0x00007ffb54e29000 	C:\WINDOWS\System32\bcryptPrimitives.dll
0x00007ffae1b00000 - 0x00007ffae1b25000 	C:\Program Files\Java\jdk-17\bin\java.dll

dbghelp: loaded successfully - version: 4.0.5 - missing functions: none
symbol engine: initialized successfully - sym options: 0x614 - pdb path: .;C:\Program Files\Java\jdk-17\bin;C:\WINDOWS\SYSTEM32;C:\WINDOWS\WinSxS\amd64_microsoft.windows.common-controls_6595b64144ccf1df_6.0.26100.3912_none_3e07963ce335137e;C:\Program Files\Java\jdk-17\bin\server

VM Arguments:
java_command: com.google.prefab.cli.AppKt --build-system cmake --platform android --abi arm64-v8a --os-version 24 --stl c++_shared --ndk-version 27 --output C:\\Users\\ANSARI~1\\AppData\\Local\\Temp\\agp-prefab-staging3296259551024404451\\staged-cli-output C:\\Users\\Ansari Noor\\.gradle\\caches\\8.10.2\\transforms\\82cbd8151fb5ab0bd61d6f0866673cd6\\transformed\\react-android-0.77.1-debug\\prefab C:\\Users\\Ansari Noor\\.gradle\\caches\\8.10.2\\transforms\\d3a4199ec0a9eb971c65b3c713fb1e13\\transformed\\hermes-android-0.77.1-debug\\prefab C:\\Users\\Ansari Noor\\.gradle\\caches\\8.10.2\\transforms\\70859756a23d9369ba2f1d3d9df6e3e4\\transformed\\fbjni-0.7.0\\prefab
java_class_path (initial): C:\\Users\\Ansari Noor\\.gradle\\caches\\modules-2\\files-2.1\\com.google.prefab\\cli\\2.1.0\\aa32fec809c44fa531f01dcfb739b5b3304d3050\\cli-2.1.0-all.jar
Launcher Type: SUN_STANDARD

[Global flags]
     intx CICompilerCount                          = 12                                        {product} {ergonomic}
     uint ConcGCThreads                            = 3                                         {product} {ergonomic}
     uint G1ConcRefinementThreads                  = 13                                        {product} {ergonomic}
   size_t G1HeapRegionSize                         = 2097152                                   {product} {ergonomic}
    uintx GCDrainStackTargetSize                   = 64                                        {product} {ergonomic}
   size_t InitialHeapSize                          = 264241152                                 {product} {ergonomic}
   size_t MarkStackSize                            = 4194304                                   {product} {ergonomic}
   size_t MaxHeapSize                              = 4219469824                                {product} {ergonomic}
   size_t MinHeapDeltaBytes                        = 2097152                                   {product} {ergonomic}
   size_t MinHeapSize                              = 8388608                                   {product} {ergonomic}
    uintx NonNMethodCodeHeapSize                   = 7602480                                {pd product} {ergonomic}
    uintx NonProfiledCodeHeapSize                  = 122027880                              {pd product} {ergonomic}
    uintx ProfiledCodeHeapSize                     = 122027880                              {pd product} {ergonomic}
    uintx ReservedCodeCacheSize                    = 251658240                              {pd product} {ergonomic}
     bool SegmentedCodeCache                       = true                                      {product} {ergonomic}
   size_t SoftMaxHeapSize                          = 4219469824                             {manageable} {ergonomic}
     bool UseCompressedClassPointers               = true                           {product lp64_product} {ergonomic}
     bool UseCompressedOops                        = true                           {product lp64_product} {ergonomic}
     bool UseG1GC                                  = true                                      {product} {ergonomic}
     bool UseLargePagesIndividualAllocation        = false                                  {pd product} {ergonomic}

Logging:
Log output configuration:
 #0: stdout all=warning uptime,level,tags
 #1: stderr all=off uptime,level,tags

Environment Variables:
JAVA_HOME=C:\Program Files\Java\jdk-17
CLASSPATH=C:\React native WAZ\StandAlone.RN\New folder\ReactNtNew\android\\gradle\wrapper\gradle-wrapper.jar
PATH=C:\React native WAZ\StandAlone.RN\New folder\ReactNtNew\node_modules\.bin;C:\React native WAZ\StandAlone.RN\New folder\ReactNtNew\node_modules\.bin;C:\React native WAZ\StandAlone.RN\New folder\node_modules\.bin;C:\React native WAZ\StandAlone.RN\node_modules\.bin;C:\React native WAZ\node_modules\.bin;C:\node_modules\.bin;C:\office\nvm\v20.11.0\node_modules\npm\node_modules\@npmcli\run-script\lib\node-gyp-bin;C:\Program Files\PowerShell\7;C:\oraclexe\app\oracle\product\11.2.0\server\bin;C:\Program Files\Eclipse Adoptium\jdk-17.0.6.10-hotspot\bin;C:\Program Files\Common Files\Oracle\Java\javapath;C:\Windows\system32;C:\Windows;C:\Windows\System32\Wbem;C:\Windows\System32\WindowsPowerShell\v1.0\;C:\Windows\System32\OpenSSH\;C:\Program Files (x86)\NVIDIA Corporation\PhysX\Common;C:\Program Files\NVIDIA Corporation\NVIDIA NvDLISR;C:\WINDOWS\system32;C:\WINDOWS;C:\WINDOWS\System32\Wbem;C:\WINDOWS\System32\WindowsPowerShell\v1.0\;C:\WINDOWS\System32\OpenSSH\;C:\Program Files\Microsoft SQL Server\150\Tools\Binn\;C:\Program Files\Microsoft SQL Server\Client SDK\ODBC\170\Tools\Binn\;C:\Program Files (x86)\Microsoft SQL Server\160\Tools\Binn\;C:\Program Files\Microsoft SQL Server\160\Tools\Binn\;C:\Program Files\Microsoft SQL Server\160\DTS\Binn\;C:\Program Files (x86)\Microsoft SQL Server\160\DTS\Binn\;C:\Program Files\Azure Data Studio\bin;C:\office\nvm;C:\Program Files\nodejs;C:\Users\Ansari Noor\AppData\Local\Programs\Python\Python310;C:\Users\Ansari Noor\AppData\Local\Programs\Python\Python310\Scripts;C:\office\Git\cmd;C:\Android\platform-tools;C:\Android\tools;C:\Users\Ansari Noor\AppData\Local\Android\Sdk;C:\Users\Ansari Noor\AppData\Local\Android\Sdk\platform-tools;C:\Program Files\dotnet\;C:\Program Files\PowerShell\7\;C:\Users\Ansari Noor\AppData\Local\Microsoft\WindowsApps;D:\Microsoft VS Code\bin;C:\Users\Ansari Noor\.dotnet\tools;C:\Program Files\Azure Data Studio\bin;C:\Users\Ansari Noor\AppData\Roaming\npm;C:\office\nvm;C:\Program Files\nodejs;C:\Users\Ansari N
USERNAME=AnsariNoor
LANG=en_US.UTF-8
OS=Windows_NT
PROCESSOR_IDENTIFIER=Intel64 Family 6 Model 154 Stepping 3, GenuineIntel



---------------  S Y S T E M  ---------------

OS:
 Windows 11 , 64 bit Build 26100 (10.0.26100.3912)
OS uptime: 1 days 19:57 hours

CPU: total 16 (initial active 16) (16 cores per cpu, 1 threads per core) family 6 model 154 stepping 3 microcode 0x41b, cx8, cmov, fxsr, mmx, 3dnowpref, sse, sse2, sse3, ssse3, sse4.1, sse4.2, popcnt, lzcnt, tsc, tscinvbit, avx, avx2, aes, erms, clmul, bmi1, bmi2, adx, sha, fma, vzeroupper, clflush, clflushopt, clwb

Memory: 4k page, system-wide physical 16088M (350M free)
TotalPageFile size 24169M (AvailPageFile size 36M)
current process WorkingSet (physical memory assigned to process): 12M, peak: 12M
current process commit charge ("private bytes"): 70M, peak: 322M

vm_info: Java HotSpot(TM) 64-Bit Server VM (17.0.7+8-LTS-224) for windows-amd64 JRE (17.0.7+8-LTS-224), built on Feb 28 2023 23:03:02 by "mach5one" with MS VC++ 17.1 (VS2022)

END.
